00000000         start:
00000000 00000000 ldc 0
00000001 00004F00 ldc i
00000002 00000005 stnl 0
00000003         outerloop:
00000003 00005100 ldc n
00000004 00000004 ldnl 0
00000005 00000100 ldc 1
00000006 00000007 sub
00000007 00004F00 ldc i
00000008 00000004 ldnl 0
00000009 00000007 sub
0000000A 0000430F brz done
0000000B 00000000 ldc 0
0000000C 00005000 ldc j
0000000D 00000005 stnl 0
0000000E         innerloop:
0000000E 00005100 ldc n
0000000F 00000004 ldnl 0
00000010 00004F00 ldc i
00000011 00000004 ldnl 0
00000012 00000007 sub
00000013 00000100 ldc 1
00000014 00000007 sub
00000015 00005000 ldc j
00000016 00000004 ldnl 0
00000017 00000007 sub
00000018 00002E0F brz outernext
00000019 00005600 ldc arr
0000001A 00005000 ldc j
0000001B 00000004 ldnl 0
0000001C 00000006 add
0000001D 00005200 ldc ptr1
0000001E 00000005 stnl 0
0000001F 00005200 ldc ptr1
00000020 00000004 ldnl 0
00000021 00000100 ldc 1
00000022 00000006 add
00000023 00005300 ldc ptr2
00000024 00000005 stnl 0
00000025 00005200 ldc ptr1
00000026 00000004 ldnl 0
00000027 00000004 ldnl 0
00000028 00005400 ldc val1
00000029 00000005 stnl 0
0000002A 00005300 ldc ptr2
0000002B 00000004 ldnl 0
0000002C 00000004 ldnl 0
0000002D 00005500 ldc val2
0000002E 00000005 stnl 0
0000002F 00005400 ldc val1
00000030 00000004 ldnl 0
00000031 00005500 ldc val2
00000032 00000004 ldnl 0
00000033 00000007 sub
00000034 00000B10 brlz innernext
00000035 00000A0F brz innernext
00000036 00005500 ldc val2
00000037 00000004 ldnl 0
00000038 00005200 ldc ptr1
00000039 00000004 ldnl 0
0000003A 00000005 stnl 0
0000003B 00005400 ldc val1
0000003C 00000004 ldnl 0
0000003D 00005300 ldc ptr2
0000003E 00000004 ldnl 0
0000003F 00000005 stnl 0
00000040         innernext:
00000040 00005000 ldc j
00000041 00000004 ldnl 0
00000042 00000100 ldc 1
00000043 00000006 add
00000044 00005000 ldc j
00000045 00000005 stnl 0
00000046 FFFFC711 br innerloop
00000047         outernext:
00000047 00004F00 ldc i
00000048 00000004 ldnl 0
00000049 00000100 ldc 1
0000004A 00000006 add
0000004B 00004F00 ldc i
0000004C 00000005 stnl 0
0000004D FFFFB511 br outerloop
0000004E         done:
0000004E 00000012 HALT
0000004F         i:
0000004F 00000000 data 0
00000050         j:
00000050 00000000 data 0
00000051         n:
00000051 00000005 data 5
00000052         ptr1:
00000052 00000000 data 0
00000053         ptr2:
00000053 00000000 data 0
00000054         val1:
00000054 00000000 data 0
00000055         val2:
00000055 00000000 data 0
00000056         arr:
00000056 00000005 data 5
00000057 00000001 data 1
00000058 00000004 data 4
00000059 00000002 data 2
0000005A 00000008 data 8
