00000000 00000000 ldc 0
00000001 00001100 ldc count
00000002 00000005 stnl 0
00000003         loop:
00000003 00001200 ldc arr
00000004 00001100 ldc count
00000005 00000004 ldnl 0
00000006 00000006 add
00000007 00000004 ldnl 0
00000008 0000070F brz done
00000009 00001100 ldc count
0000000A 00000004 ldnl 0
0000000B 00000100 ldc 1
0000000C 00000006 add
0000000D 00001100 ldc count
0000000E 00000005 stnl 0
0000000F FFFFF311 br loop
00000010         done:
00000010 00000012 HALT
00000011         count:
00000011 00000000 data 0
00000012         arr:
00000012 00000048 data 72
00000013 00000065 data 101
00000014 0000006C data 108
00000015 0000006C data 108
00000016 0000006F data 111
00000017 00000000 data 0
