00000000 00100000 ldc 0x1000
00000001 0000000B a2sp
00000002 FFFFFF0A adj -1
00000003 00003F00 ldc result
00000004 00000003 stl 0
00000005 00003E00 ldc count
00000006 00000004 ldnl 0
00000007 0000020D call main
00000008 0000010A adj 1
00000009 00000012 HALT
0000000A         main:
0000000A FFFFFD0A adj -3
0000000B 00000203 stl 2
0000000C 00000103 stl 1
0000000D 00000000 ldc 0
0000000E 00000003 stl 0
0000000F         loop:
0000000F 00000102 ldl 1
00000010 00000002 ldl 0
00000011 00000007 sub
00000012 00000F0F brz endmain
00000013 00000002 ldl 0
00000014 0000100D call fib
00000015 FFFFFF0A adj -1
00000016 00000003 stl 0
00000017 00000002 ldl 0
00000018 00000402 ldl 4
00000019 00000005 stnl 0
0000001A 00000402 ldl 4
0000001B 00000101 adc 1
0000001C 00000403 stl 4
0000001D 0000010A adj 1
0000001E 00000002 ldl 0
0000001F 00000101 adc 1
00000020 00000003 stl 0
00000021 FFFFED11 br loop
00000022         endmain:
00000022 00000202 ldl 2
00000023 0000030A adj 3
00000024 0000000E return
00000025         fib:
00000025 FFFFFD0A adj -3
00000026 00000203 stl 2
00000027 00000103 stl 1
00000028 00000102 ldl 1
00000029 00000200 ldc 2
0000002A 00000007 sub
0000002B 00000E10 brlz base
0000002C 00000102 ldl 1
0000002D 00000100 ldc 1
0000002E 00000007 sub
0000002F FFFFF50D call fib
00000030 00000003 stl 0
00000031 00000102 ldl 1
00000032 00000200 ldc 2
00000033 00000007 sub
00000034 FFFFF00D call fib
00000035 00000002 ldl 0
00000036 00000006 add
00000037 00000202 ldl 2
00000038 0000030A adj 3
00000039 0000000E return
0000003A         base:
0000003A 00000102 ldl 1
0000003B 00000202 ldl 2
0000003C 0000030A adj 3
0000003D 0000000E return
0000003E         count:
0000003E 0000000A data 10
0000003F         result:
0000003F 00000000 data 0
